<?xml version="1.0" encoding="UTF-8"?>
<!-- Generated by org.testng.reporters.JUnitReportReporter -->
<testsuite hostname="Sneha-PC" name="com.basic.TestingGoogleWebservice" tests="1" failures="0" timestamp="9 Jun 2019 04:00:33 GMT" time="2.484" errors="0">
  <testcase name="testGoogle" time="2.484" classname="com.basic.TestingGoogleWebservice"/>
</testsuite> <!-- com.basic.TestingGoogleWebservice -->
